wandb: Currently logged in as: qba-sobolewski (qba). Use `wandb login --relogin` to force relogin
wandb: wandb version 0.15.8 is available!  To upgrade, please run:
wandb:  $ pip install wandb --upgrade
wandb: Tracking run with wandb version 0.14.0
wandb: Run data is saved locally in /home/jsobolewski/mgr/myCode/wandb/run-20230816_075542-voihezb2
wandb: Run `wandb offline` to turn off syncing.
wandb: Syncing run deft-sound-16
wandb: ⭐️ View project at https://wandb.ai/qba/rehersal%20Alexnet%20MNIST%20Task%20IL
wandb: 🚀 View run at https://wandb.ai/qba/rehersal%20Alexnet%20MNIST%20Task%20IL/runs/voihezb2
Running experiment with settings:

project: rehersal Alexnet MNIST Task IL
setup: task IL
learning_rate: 0.01
architecture: SmallAlexNetTasklIL
dataset: CIFAR10
rehearsal_dataset: dead_leaves-mixed
epochs: 5

Files already downloaded and verified
Files already downloaded and verified
Files already downloaded and verified
Files already downloaded and verified
Files already downloaded and verified
Loading data from data/dead_leaves-mixed/ as imagefolder
/home/jsobolewski/.local/lib/python3.10/site-packages/torch/nn/_reduction.py:42: UserWarning: size_average and reduce args will be deprecated, please use reduction='sum' instead.
  warnings.warn(warning.format(ret))
Train epoch: 0 [0 / 10000]       loss: 4.780928611755371
{'acc_task_0': tensor(50.), 'acc_task_1': tensor(0.), 'acc_task_2': tensor(0.), 'acc_task_3': tensor(38.4600), 'acc_task_4': tensor(0.)}
Train epoch: 0 [1280 / 10000]       loss: 1.549052119255066
{'acc_task_0': tensor(63.5400), 'acc_task_1': tensor(21.6400), 'acc_task_2': tensor(0.), 'acc_task_3': tensor(2.4600), 'acc_task_4': tensor(0.0600)}
Train epoch: 0 [2560 / 10000]       loss: 2.14840030670166
{'acc_task_0': tensor(75.9200), 'acc_task_1': tensor(14.0200), 'acc_task_2': tensor(1.7500), 'acc_task_3': tensor(22.4800), 'acc_task_4': tensor(2.5400)}
Train epoch: 0 [3840 / 10000]       loss: 2.203916549682617
{'acc_task_0': tensor(88.7700), 'acc_task_1': tensor(6.7900), 'acc_task_2': tensor(7.2300), 'acc_task_3': tensor(23.8900), 'acc_task_4': tensor(5.5600)}
Train epoch: 0 [5120 / 10000]       loss: 2.414541482925415
{'acc_task_0': tensor(82.9700), 'acc_task_1': tensor(4.8700), 'acc_task_2': tensor(6.0800), 'acc_task_3': tensor(23.7200), 'acc_task_4': tensor(5.9100)}
Train epoch: 0 [6400 / 10000]       loss: 1.2007871866226196
{'acc_task_0': tensor(75.1200), 'acc_task_1': tensor(8.1200), 'acc_task_2': tensor(3.5100), 'acc_task_3': tensor(21.6700), 'acc_task_4': tensor(4.4100)}
Train epoch: 0 [7680 / 10000]       loss: 1.9219216108322144
{'acc_task_0': tensor(75.2200), 'acc_task_1': tensor(5.9500), 'acc_task_2': tensor(3.5300), 'acc_task_3': tensor(25.4100), 'acc_task_4': tensor(5.1600)}
Train epoch: 0 [8960 / 10000]       loss: 1.6036114692687988
{'acc_task_0': tensor(54.8800), 'acc_task_1': tensor(8.2800), 'acc_task_2': tensor(3.5500), 'acc_task_3': tensor(26.8700), 'acc_task_4': tensor(6.3400)}
Train epoch: 1 [0 / 10000]       loss: 1.4503059387207031
{'acc_task_0': tensor(92.6800), 'acc_task_1': tensor(6.1400), 'acc_task_2': tensor(5.7500), 'acc_task_3': tensor(18.7300), 'acc_task_4': tensor(5.5700)}
Train epoch: 1 [1280 / 10000]       loss: 2.5226845741271973
{'acc_task_0': tensor(82.5600), 'acc_task_1': tensor(9.6500), 'acc_task_2': tensor(3.0100), 'acc_task_3': tensor(31.0600), 'acc_task_4': tensor(5.6500)}
Train epoch: 1 [2560 / 10000]       loss: 1.779698371887207
{'acc_task_0': tensor(70.2300), 'acc_task_1': tensor(11.3600), 'acc_task_2': tensor(4.9800), 'acc_task_3': tensor(26.3900), 'acc_task_4': tensor(6.1100)}
Train epoch: 1 [3840 / 10000]       loss: 1.7631462812423706
{'acc_task_0': tensor(83.6000), 'acc_task_1': tensor(5.6600), 'acc_task_2': tensor(4.5200), 'acc_task_3': tensor(21.2500), 'acc_task_4': tensor(7.6800)}
Train epoch: 1 [5120 / 10000]       loss: 1.4961488246917725
{'acc_task_0': tensor(94.2800), 'acc_task_1': tensor(8.3700), 'acc_task_2': tensor(6.2700), 'acc_task_3': tensor(27.1000), 'acc_task_4': tensor(5.9900)}
Train epoch: 1 [6400 / 10000]       loss: 2.218472480773926
{'acc_task_0': tensor(75.3300), 'acc_task_1': tensor(4.1100), 'acc_task_2': tensor(4.6100), 'acc_task_3': tensor(30.3300), 'acc_task_4': tensor(8.7800)}
Train epoch: 1 [7680 / 10000]       loss: 1.6615021228790283
{'acc_task_0': tensor(85.0600), 'acc_task_1': tensor(4.0300), 'acc_task_2': tensor(6.8300), 'acc_task_3': tensor(28.2100), 'acc_task_4': tensor(6.8100)}
Train epoch: 1 [8960 / 10000]       loss: 2.104116916656494
{'acc_task_0': tensor(63.4800), 'acc_task_1': tensor(3.7000), 'acc_task_2': tensor(6.4200), 'acc_task_3': tensor(34.2700), 'acc_task_4': tensor(5.2300)}
Train epoch: 2 [0 / 10000]       loss: 1.4948188066482544
{'acc_task_0': tensor(78.8700), 'acc_task_1': tensor(3.3600), 'acc_task_2': tensor(9.4400), 'acc_task_3': tensor(31.8900), 'acc_task_4': tensor(4.5700)}
Train epoch: 2 [1280 / 10000]       loss: 1.478824257850647
{'acc_task_0': tensor(82.6800), 'acc_task_1': tensor(6.3700), 'acc_task_2': tensor(2.8400), 'acc_task_3': tensor(28.9100), 'acc_task_4': tensor(3.5900)}
Train epoch: 2 [2560 / 10000]       loss: 1.823242425918579
{'acc_task_0': tensor(81.6100), 'acc_task_1': tensor(4.5300), 'acc_task_2': tensor(3.1200), 'acc_task_3': tensor(35.1800), 'acc_task_4': tensor(4.7600)}
Train epoch: 2 [3840 / 10000]       loss: 1.486838936805725
{'acc_task_0': tensor(81.9500), 'acc_task_1': tensor(7.5600), 'acc_task_2': tensor(4.7700), 'acc_task_3': tensor(29.8000), 'acc_task_4': tensor(2.6300)}
Train epoch: 2 [5120 / 10000]       loss: 1.696723461151123
{'acc_task_0': tensor(95.6200), 'acc_task_1': tensor(7.9300), 'acc_task_2': tensor(4.7500), 'acc_task_3': tensor(28.3700), 'acc_task_4': tensor(2.9700)}
Train epoch: 2 [6400 / 10000]       loss: 1.6679718494415283
{'acc_task_0': tensor(72.8300), 'acc_task_1': tensor(8.4200), 'acc_task_2': tensor(2.0200), 'acc_task_3': tensor(28.1100), 'acc_task_4': tensor(2.3600)}
Train epoch: 2 [7680 / 10000]       loss: 1.3364711999893188
{'acc_task_0': tensor(92.7100), 'acc_task_1': tensor(5.5800), 'acc_task_2': tensor(2.4600), 'acc_task_3': tensor(30.7700), 'acc_task_4': tensor(2.6200)}
Train epoch: 2 [8960 / 10000]       loss: 2.0754337310791016
{'acc_task_0': tensor(93.3700), 'acc_task_1': tensor(4.1500), 'acc_task_2': tensor(3.8100), 'acc_task_3': tensor(26.0200), 'acc_task_4': tensor(5.6200)}
Train epoch: 3 [0 / 10000]       loss: 1.5411937236785889
{'acc_task_0': tensor(77.2200), 'acc_task_1': tensor(2.8500), 'acc_task_2': tensor(4.6200), 'acc_task_3': tensor(28.6400), 'acc_task_4': tensor(6.6500)}
Train epoch: 3 [1280 / 10000]       loss: 0.9130516052246094
{'acc_task_0': tensor(95.5700), 'acc_task_1': tensor(3.1100), 'acc_task_2': tensor(3.0100), 'acc_task_3': tensor(27.9700), 'acc_task_4': tensor(3.8500)}
Train epoch: 3 [2560 / 10000]       loss: 1.6396970748901367
{'acc_task_0': tensor(81.4200), 'acc_task_1': tensor(4.3800), 'acc_task_2': tensor(2.8100), 'acc_task_3': tensor(22.5600), 'acc_task_4': tensor(3.3200)}
Train epoch: 3 [3840 / 10000]       loss: 1.5356501340866089
{'acc_task_0': tensor(89.0300), 'acc_task_1': tensor(4.2700), 'acc_task_2': tensor(2.6800), 'acc_task_3': tensor(30.4100), 'acc_task_4': tensor(4.5300)}
Train epoch: 3 [5120 / 10000]       loss: 1.5396450757980347
{'acc_task_0': tensor(90.0900), 'acc_task_1': tensor(3.3900), 'acc_task_2': tensor(2.5200), 'acc_task_3': tensor(33.1000), 'acc_task_4': tensor(3.2400)}
Train epoch: 3 [6400 / 10000]       loss: 1.2996517419815063
{'acc_task_0': tensor(93.3000), 'acc_task_1': tensor(4.3500), 'acc_task_2': tensor(3.0700), 'acc_task_3': tensor(27.1500), 'acc_task_4': tensor(3.7600)}
Train epoch: 3 [7680 / 10000]       loss: 1.5161044597625732
{'acc_task_0': tensor(89.5800), 'acc_task_1': tensor(6.2900), 'acc_task_2': tensor(1.7700), 'acc_task_3': tensor(27.6400), 'acc_task_4': tensor(4.3300)}
Train epoch: 3 [8960 / 10000]       loss: 1.4458593130111694
{'acc_task_0': tensor(83.7800), 'acc_task_1': tensor(3.6100), 'acc_task_2': tensor(1.2800), 'acc_task_3': tensor(29.0100), 'acc_task_4': tensor(4.4700)}
Train epoch: 4 [0 / 10000]       loss: 0.8511655330657959
{'acc_task_0': tensor(93.7800), 'acc_task_1': tensor(4.2900), 'acc_task_2': tensor(1.4600), 'acc_task_3': tensor(25.3400), 'acc_task_4': tensor(3.3200)}
Train epoch: 4 [1280 / 10000]       loss: 1.6044166088104248
{'acc_task_0': tensor(79.8700), 'acc_task_1': tensor(2.4800), 'acc_task_2': tensor(1.2300), 'acc_task_3': tensor(23.9400), 'acc_task_4': tensor(5.)}
Train epoch: 4 [2560 / 10000]       loss: 1.2747832536697388
{'acc_task_0': tensor(95.5200), 'acc_task_1': tensor(2.7800), 'acc_task_2': tensor(1.1500), 'acc_task_3': tensor(24.2500), 'acc_task_4': tensor(3.3600)}
Train epoch: 4 [3840 / 10000]       loss: 0.9910262823104858
{'acc_task_0': tensor(92.9100), 'acc_task_1': tensor(3.1200), 'acc_task_2': tensor(1.3100), 'acc_task_3': tensor(21.7700), 'acc_task_4': tensor(4.5000)}
Train epoch: 4 [5120 / 10000]       loss: 1.047308325767517
{'acc_task_0': tensor(95.3100), 'acc_task_1': tensor(3.1700), 'acc_task_2': tensor(1.0600), 'acc_task_3': tensor(22.2100), 'acc_task_4': tensor(5.2800)}
Train epoch: 4 [6400 / 10000]       loss: 1.1547709703445435
{'acc_task_0': tensor(92.3000), 'acc_task_1': tensor(3.8800), 'acc_task_2': tensor(1.4700), 'acc_task_3': tensor(22.2200), 'acc_task_4': tensor(4.5700)}
Train epoch: 4 [7680 / 10000]       loss: 0.9934899210929871
{'acc_task_0': tensor(95.3100), 'acc_task_1': tensor(3.9900), 'acc_task_2': tensor(1.3800), 'acc_task_3': tensor(25.3700), 'acc_task_4': tensor(5.2500)}
Train epoch: 4 [8960 / 10000]       loss: 1.0195695161819458
{'acc_task_0': tensor(98.2800), 'acc_task_1': tensor(3.4200), 'acc_task_2': tensor(2.), 'acc_task_3': tensor(25.7600), 'acc_task_4': tensor(3.9700)}
Train epoch: 0 [0 / 10000]       loss: 4.973238945007324
{'acc_task_0': tensor(90.5100), 'acc_task_1': tensor(74.5100), 'acc_task_2': tensor(1.6800), 'acc_task_3': tensor(17.7800), 'acc_task_4': tensor(3.8800)}
Train epoch: 0 [1280 / 10000]       loss: 3.0714921951293945
{'acc_task_0': tensor(76.1500), 'acc_task_1': tensor(55.7000), 'acc_task_2': tensor(2.2400), 'acc_task_3': tensor(35.6600), 'acc_task_4': tensor(4.7800)}
Train epoch: 0 [2560 / 10000]       loss: 1.6798763275146484
{'acc_task_0': tensor(83.5900), 'acc_task_1': tensor(69.), 'acc_task_2': tensor(1.9600), 'acc_task_3': tensor(25.2900), 'acc_task_4': tensor(4.7000)}
Train epoch: 0 [3840 / 10000]       loss: 1.1479406356811523
{'acc_task_0': tensor(73.3100), 'acc_task_1': tensor(85.2200), 'acc_task_2': tensor(2.0500), 'acc_task_3': tensor(21.9600), 'acc_task_4': tensor(5.9600)}
Train epoch: 0 [5120 / 10000]       loss: 1.4486043453216553
{'acc_task_0': tensor(73.1100), 'acc_task_1': tensor(78.3500), 'acc_task_2': tensor(2.0800), 'acc_task_3': tensor(25.7500), 'acc_task_4': tensor(6.8100)}
Train epoch: 0 [6400 / 10000]       loss: 1.2471141815185547
{'acc_task_0': tensor(71.0800), 'acc_task_1': tensor(65.8000), 'acc_task_2': tensor(1.7300), 'acc_task_3': tensor(26.0500), 'acc_task_4': tensor(8.4400)}
Train epoch: 0 [7680 / 10000]       loss: 2.5194528102874756
{'acc_task_0': tensor(76.1900), 'acc_task_1': tensor(77.1400), 'acc_task_2': tensor(3.2000), 'acc_task_3': tensor(35.4300), 'acc_task_4': tensor(10.3400)}
Train epoch: 0 [8960 / 10000]       loss: 1.0573301315307617
{'acc_task_0': tensor(83.4900), 'acc_task_1': tensor(77.9300), 'acc_task_2': tensor(1.4500), 'acc_task_3': tensor(34.1000), 'acc_task_4': tensor(10.3600)}
Train epoch: 1 [0 / 10000]       loss: 1.5962523221969604
{'acc_task_0': tensor(91.6500), 'acc_task_1': tensor(91.8700), 'acc_task_2': tensor(1.9900), 'acc_task_3': tensor(23.4300), 'acc_task_4': tensor(6.6400)}
Train epoch: 1 [1280 / 10000]       loss: 1.0854917764663696
{'acc_task_0': tensor(77.5300), 'acc_task_1': tensor(87.0800), 'acc_task_2': tensor(1.3200), 'acc_task_3': tensor(25.0400), 'acc_task_4': tensor(14.8600)}
Train epoch: 1 [2560 / 10000]       loss: 0.8564401865005493
{'acc_task_0': tensor(61.6700), 'acc_task_1': tensor(91.1700), 'acc_task_2': tensor(1.3400), 'acc_task_3': tensor(28.8300), 'acc_task_4': tensor(14.2000)}
Train epoch: 1 [3840 / 10000]       loss: 1.2293049097061157
{'acc_task_0': tensor(61.0500), 'acc_task_1': tensor(77.0100), 'acc_task_2': tensor(1.5400), 'acc_task_3': tensor(31.1500), 'acc_task_4': tensor(16.9500)}
Train epoch: 1 [5120 / 10000]       loss: 0.8780866265296936
{'acc_task_0': tensor(79.1400), 'acc_task_1': tensor(91.7400), 'acc_task_2': tensor(1.4800), 'acc_task_3': tensor(27.2000), 'acc_task_4': tensor(13.8700)}
Train epoch: 1 [6400 / 10000]       loss: 1.2432385683059692
{'acc_task_0': tensor(74.7000), 'acc_task_1': tensor(76.6200), 'acc_task_2': tensor(1.1300), 'acc_task_3': tensor(32.6300), 'acc_task_4': tensor(12.3000)}
Train epoch: 1 [7680 / 10000]       loss: 0.8731939196586609
{'acc_task_0': tensor(68.6400), 'acc_task_1': tensor(91.4900), 'acc_task_2': tensor(0.9400), 'acc_task_3': tensor(35.7100), 'acc_task_4': tensor(13.3000)}
Train epoch: 1 [8960 / 10000]       loss: 1.1640939712524414
{'acc_task_0': tensor(67.6300), 'acc_task_1': tensor(88.4900), 'acc_task_2': tensor(0.7700), 'acc_task_3': tensor(36.7400), 'acc_task_4': tensor(12.1700)}
Train epoch: 2 [0 / 10000]       loss: 1.4203331470489502
{'acc_task_0': tensor(68.5300), 'acc_task_1': tensor(75.1700), 'acc_task_2': tensor(1.5200), 'acc_task_3': tensor(36.9900), 'acc_task_4': tensor(14.0700)}
Train epoch: 2 [1280 / 10000]       loss: 1.0033111572265625
{'acc_task_0': tensor(66.2200), 'acc_task_1': tensor(68.1000), 'acc_task_2': tensor(0.9700), 'acc_task_3': tensor(31.8200), 'acc_task_4': tensor(9.6700)}
Train epoch: 2 [2560 / 10000]       loss: 1.5660362243652344
{'acc_task_0': tensor(75.3800), 'acc_task_1': tensor(56.5400), 'acc_task_2': tensor(0.7300), 'acc_task_3': tensor(30.6500), 'acc_task_4': tensor(15.3000)}
Train epoch: 2 [3840 / 10000]       loss: 1.8627688884735107
{'acc_task_0': tensor(68.4400), 'acc_task_1': tensor(67.9000), 'acc_task_2': tensor(1.4000), 'acc_task_3': tensor(32.1700), 'acc_task_4': tensor(11.0300)}
Train epoch: 2 [5120 / 10000]       loss: 0.865673303604126
{'acc_task_0': tensor(64.6800), 'acc_task_1': tensor(82.1600), 'acc_task_2': tensor(0.6600), 'acc_task_3': tensor(36.5900), 'acc_task_4': tensor(13.1600)}
Train epoch: 2 [6400 / 10000]       loss: 0.9891040325164795
{'acc_task_0': tensor(63.7000), 'acc_task_1': tensor(85.5700), 'acc_task_2': tensor(0.5200), 'acc_task_3': tensor(38.2400), 'acc_task_4': tensor(17.4400)}
Train epoch: 2 [7680 / 10000]       loss: 1.3397029638290405
{'acc_task_0': tensor(61.2300), 'acc_task_1': tensor(59.3800), 'acc_task_2': tensor(0.7500), 'acc_task_3': tensor(34.7000), 'acc_task_4': tensor(18.2900)}
Train epoch: 2 [8960 / 10000]       loss: 0.9327887892723083
{'acc_task_0': tensor(63.8200), 'acc_task_1': tensor(94.9900), 'acc_task_2': tensor(0.6900), 'acc_task_3': tensor(38.4500), 'acc_task_4': tensor(10.5600)}
Train epoch: 3 [0 / 10000]       loss: 1.2341892719268799
{'acc_task_0': tensor(59.), 'acc_task_1': tensor(63.6700), 'acc_task_2': tensor(1.2900), 'acc_task_3': tensor(34.9900), 'acc_task_4': tensor(19.0400)}
Train epoch: 3 [1280 / 10000]       loss: 0.9239134192466736
{'acc_task_0': tensor(67.5700), 'acc_task_1': tensor(90.3700), 'acc_task_2': tensor(0.7600), 'acc_task_3': tensor(40.5100), 'acc_task_4': tensor(13.6800)}
Train epoch: 3 [2560 / 10000]       loss: 0.8626700043678284
{'acc_task_0': tensor(67.9900), 'acc_task_1': tensor(66.1200), 'acc_task_2': tensor(0.7700), 'acc_task_3': tensor(32.7700), 'acc_task_4': tensor(18.1700)}
Train epoch: 3 [3840 / 10000]       loss: 0.7634124755859375
{'acc_task_0': tensor(80.3300), 'acc_task_1': tensor(87.9600), 'acc_task_2': tensor(0.5000), 'acc_task_3': tensor(32.7800), 'acc_task_4': tensor(12.7000)}
Train epoch: 3 [5120 / 10000]       loss: 0.9814476370811462
{'acc_task_0': tensor(70.6700), 'acc_task_1': tensor(75.4500), 'acc_task_2': tensor(0.4600), 'acc_task_3': tensor(35.6700), 'acc_task_4': tensor(13.8000)}
Train epoch: 3 [6400 / 10000]       loss: 0.8490884304046631
{'acc_task_0': tensor(59.4800), 'acc_task_1': tensor(89.8500), 'acc_task_2': tensor(0.9600), 'acc_task_3': tensor(35.9500), 'acc_task_4': tensor(12.9500)}
Train epoch: 3 [7680 / 10000]       loss: 0.7995956540107727
{'acc_task_0': tensor(67.8300), 'acc_task_1': tensor(83.0200), 'acc_task_2': tensor(0.6600), 'acc_task_3': tensor(35.4400), 'acc_task_4': tensor(17.1700)}
Train epoch: 3 [8960 / 10000]       loss: 0.9971027374267578
{'acc_task_0': tensor(74.3400), 'acc_task_1': tensor(94.4800), 'acc_task_2': tensor(0.6800), 'acc_task_3': tensor(36.6700), 'acc_task_4': tensor(18.5400)}
Train epoch: 4 [0 / 10000]       loss: 1.332863450050354
{'acc_task_0': tensor(71.9000), 'acc_task_1': tensor(71.7200), 'acc_task_2': tensor(1.0900), 'acc_task_3': tensor(29.8800), 'acc_task_4': tensor(15.5600)}
Train epoch: 4 [1280 / 10000]       loss: 0.7643883228302002
{'acc_task_0': tensor(63.2700), 'acc_task_1': tensor(95.6100), 'acc_task_2': tensor(0.8800), 'acc_task_3': tensor(39.1500), 'acc_task_4': tensor(20.2600)}
Train epoch: 4 [2560 / 10000]       loss: 1.2005467414855957
{'acc_task_0': tensor(61.6600), 'acc_task_1': tensor(66.1500), 'acc_task_2': tensor(0.8200), 'acc_task_3': tensor(40.1900), 'acc_task_4': tensor(23.8900)}
Train epoch: 4 [3840 / 10000]       loss: 1.38550865650177
{'acc_task_0': tensor(74.3900), 'acc_task_1': tensor(86.0100), 'acc_task_2': tensor(1.2100), 'acc_task_3': tensor(33.8800), 'acc_task_4': tensor(17.6200)}
Train epoch: 4 [5120 / 10000]       loss: 0.876537024974823
{'acc_task_0': tensor(78.8600), 'acc_task_1': tensor(78.8200), 'acc_task_2': tensor(0.8700), 'acc_task_3': tensor(35.5700), 'acc_task_4': tensor(13.3900)}
Train epoch: 4 [6400 / 10000]       loss: 0.8165193796157837
{'acc_task_0': tensor(64.4000), 'acc_task_1': tensor(90.9800), 'acc_task_2': tensor(1.1100), 'acc_task_3': tensor(39.1400), 'acc_task_4': tensor(11.9300)}
Train epoch: 4 [7680 / 10000]       loss: 1.105809211730957
{'acc_task_0': tensor(63.0700), 'acc_task_1': tensor(72.9700), 'acc_task_2': tensor(0.9700), 'acc_task_3': tensor(37.6600), 'acc_task_4': tensor(19.3600)}
Train epoch: 4 [8960 / 10000]       loss: 0.7636020183563232
{'acc_task_0': tensor(72.9900), 'acc_task_1': tensor(87.4100), 'acc_task_2': tensor(0.8800), 'acc_task_3': tensor(37.8600), 'acc_task_4': tensor(17.9800)}
Train epoch: 0 [0 / 10000]       loss: 4.568598747253418
{'acc_task_0': tensor(71.1800), 'acc_task_1': tensor(67.7500), 'acc_task_2': tensor(100.), 'acc_task_3': tensor(17.7400), 'acc_task_4': tensor(8.6100)}
Train epoch: 0 [1280 / 10000]       loss: 1.3400375843048096
{'acc_task_0': tensor(63.2000), 'acc_task_1': tensor(56.4000), 'acc_task_2': tensor(100.), 'acc_task_3': tensor(28.6700), 'acc_task_4': tensor(20.2200)}
Train epoch: 0 [2560 / 10000]       loss: 1.439369559288025
{'acc_task_0': tensor(58.4400), 'acc_task_1': tensor(51.6600), 'acc_task_2': tensor(73.6500), 'acc_task_3': tensor(34.4600), 'acc_task_4': tensor(29.6400)}
Train epoch: 0 [3840 / 10000]       loss: 0.9916237592697144
{'acc_task_0': tensor(63.7600), 'acc_task_1': tensor(58.6200), 'acc_task_2': tensor(100.), 'acc_task_3': tensor(33.4000), 'acc_task_4': tensor(5.3600)}
Train epoch: 0 [5120 / 10000]       loss: 1.0329874753952026
{'acc_task_0': tensor(58.2600), 'acc_task_1': tensor(52.3200), 'acc_task_2': tensor(100.), 'acc_task_3': tensor(31.5300), 'acc_task_4': tensor(9.4900)}
Train epoch: 0 [6400 / 10000]       loss: 0.9651276469230652
{'acc_task_0': tensor(61.8900), 'acc_task_1': tensor(56.7700), 'acc_task_2': tensor(99.5600), 'acc_task_3': tensor(35.8100), 'acc_task_4': tensor(3.9400)}
Train epoch: 0 [7680 / 10000]       loss: 0.9394160509109497
{'acc_task_0': tensor(68.9300), 'acc_task_1': tensor(67.6600), 'acc_task_2': tensor(100.), 'acc_task_3': tensor(32.5500), 'acc_task_4': tensor(3.1000)}
Train epoch: 0 [8960 / 10000]       loss: 1.2651575803756714
{'acc_task_0': tensor(72.1900), 'acc_task_1': tensor(71.7800), 'acc_task_2': tensor(2.8700), 'acc_task_3': tensor(28.7400), 'acc_task_4': tensor(4.1100)}
Train epoch: 1 [0 / 10000]       loss: 0.849218487739563
{'acc_task_0': tensor(72.7100), 'acc_task_1': tensor(68.9700), 'acc_task_2': tensor(99.3700), 'acc_task_3': tensor(26.6400), 'acc_task_4': tensor(2.7700)}
Train epoch: 1 [1280 / 10000]       loss: 0.8522490859031677
{'acc_task_0': tensor(64.3700), 'acc_task_1': tensor(58.3300), 'acc_task_2': tensor(100.), 'acc_task_3': tensor(35.4400), 'acc_task_4': tensor(3.3700)}
Train epoch: 1 [2560 / 10000]       loss: 0.9434977173805237
{'acc_task_0': tensor(67.2500), 'acc_task_1': tensor(62.1500), 'acc_task_2': tensor(100.), 'acc_task_3': tensor(34.2000), 'acc_task_4': tensor(2.3000)}
Train epoch: 1 [3840 / 10000]       loss: 1.262372612953186
{'acc_task_0': tensor(68.0600), 'acc_task_1': tensor(64.6800), 'acc_task_2': tensor(100.), 'acc_task_3': tensor(35.5700), 'acc_task_4': tensor(2.8300)}
Train epoch: 1 [5120 / 10000]       loss: 0.7561240792274475
{'acc_task_0': tensor(69.9500), 'acc_task_1': tensor(68.9100), 'acc_task_2': tensor(100.), 'acc_task_3': tensor(34.4400), 'acc_task_4': tensor(2.7900)}
Train epoch: 1 [6400 / 10000]       loss: 0.954189658164978
{'acc_task_0': tensor(68.8500), 'acc_task_1': tensor(64.8900), 'acc_task_2': tensor(100.), 'acc_task_3': tensor(35.4000), 'acc_task_4': tensor(4.2400)}
Train epoch: 1 [7680 / 10000]       loss: 0.7900535464286804
{'acc_task_0': tensor(71.5100), 'acc_task_1': tensor(71.9700), 'acc_task_2': tensor(97.3000), 'acc_task_3': tensor(31.5400), 'acc_task_4': tensor(6.2900)}
Train epoch: 1 [8960 / 10000]       loss: 0.8618301749229431
{'acc_task_0': tensor(75.7000), 'acc_task_1': tensor(74.4800), 'acc_task_2': tensor(100.), 'acc_task_3': tensor(33.9800), 'acc_task_4': tensor(4.4300)}
Train epoch: 2 [0 / 10000]       loss: 0.9014875292778015
{'acc_task_0': tensor(69.6300), 'acc_task_1': tensor(62.2000), 'acc_task_2': tensor(99.7200), 'acc_task_3': tensor(37.3100), 'acc_task_4': tensor(8.3500)}
Train epoch: 2 [1280 / 10000]       loss: 1.220719575881958
{'acc_task_0': tensor(68.8400), 'acc_task_1': tensor(58.3300), 'acc_task_2': tensor(100.), 'acc_task_3': tensor(35.5100), 'acc_task_4': tensor(3.6900)}
Train epoch: 2 [2560 / 10000]       loss: 0.8319160342216492
{'acc_task_0': tensor(60.7500), 'acc_task_1': tensor(56.9400), 'acc_task_2': tensor(99.7100), 'acc_task_3': tensor(33.4200), 'acc_task_4': tensor(11.2000)}
Train epoch: 2 [3840 / 10000]       loss: 1.0555531978607178
{'acc_task_0': tensor(73.7200), 'acc_task_1': tensor(71.2800), 'acc_task_2': tensor(98.9100), 'acc_task_3': tensor(31.1600), 'acc_task_4': tensor(4.3900)}
Train epoch: 2 [5120 / 10000]       loss: 0.7923006415367126
{'acc_task_0': tensor(76.8500), 'acc_task_1': tensor(72.4600), 'acc_task_2': tensor(100.), 'acc_task_3': tensor(28.9500), 'acc_task_4': tensor(4.2400)}
Train epoch: 2 [6400 / 10000]       loss: 0.9817774295806885
{'acc_task_0': tensor(72.6300), 'acc_task_1': tensor(67.9400), 'acc_task_2': tensor(99.1200), 'acc_task_3': tensor(28.7000), 'acc_task_4': tensor(4.7700)}
Train epoch: 2 [7680 / 10000]       loss: 0.8266036510467529
{'acc_task_0': tensor(76.8700), 'acc_task_1': tensor(74.6300), 'acc_task_2': tensor(100.), 'acc_task_3': tensor(26.4100), 'acc_task_4': tensor(3.6700)}
Train epoch: 2 [8960 / 10000]       loss: 1.0611239671707153
{'acc_task_0': tensor(78.5100), 'acc_task_1': tensor(75.6700), 'acc_task_2': tensor(100.), 'acc_task_3': tensor(28.6400), 'acc_task_4': tensor(6.4400)}
Train epoch: 3 [0 / 10000]       loss: 1.001202940940857
{'acc_task_0': tensor(77.5300), 'acc_task_1': tensor(79.0100), 'acc_task_2': tensor(86.2200), 'acc_task_3': tensor(25.9500), 'acc_task_4': tensor(3.8500)}
Train epoch: 3 [1280 / 10000]       loss: 0.7363787293434143
{'acc_task_0': tensor(62.5800), 'acc_task_1': tensor(56.1500), 'acc_task_2': tensor(99.9900), 'acc_task_3': tensor(29.9900), 'acc_task_4': tensor(10.3900)}
Train epoch: 3 [2560 / 10000]       loss: 0.8349886536598206
{'acc_task_0': tensor(74.4200), 'acc_task_1': tensor(77.3400), 'acc_task_2': tensor(73.6400), 'acc_task_3': tensor(20.0900), 'acc_task_4': tensor(6.6100)}
Train epoch: 3 [3840 / 10000]       loss: 1.0279858112335205
{'acc_task_0': tensor(71.4200), 'acc_task_1': tensor(69.7900), 'acc_task_2': tensor(44.7600), 'acc_task_3': tensor(11.9800), 'acc_task_4': tensor(19.8600)}
Train epoch: 3 [5120 / 10000]       loss: 0.7827944159507751
{'acc_task_0': tensor(69.4900), 'acc_task_1': tensor(61.9700), 'acc_task_2': tensor(99.9900), 'acc_task_3': tensor(27.6400), 'acc_task_4': tensor(15.2400)}
Train epoch: 3 [6400 / 10000]       loss: 0.6933879852294922
{'acc_task_0': tensor(70.2900), 'acc_task_1': tensor(62.0900), 'acc_task_2': tensor(100.), 'acc_task_3': tensor(28.3100), 'acc_task_4': tensor(7.2800)}
Train epoch: 3 [7680 / 10000]       loss: 0.8257372975349426
{'acc_task_0': tensor(75.4100), 'acc_task_1': tensor(73.1500), 'acc_task_2': tensor(100.), 'acc_task_3': tensor(26.8300), 'acc_task_4': tensor(4.6500)}
Train epoch: 3 [8960 / 10000]       loss: 2.5966711044311523
{'acc_task_0': tensor(58.2100), 'acc_task_1': tensor(56.8100), 'acc_task_2': tensor(100.), 'acc_task_3': tensor(25.4900), 'acc_task_4': tensor(6.4400)}
Train epoch: 4 [0 / 10000]       loss: 1.8451838493347168
{'acc_task_0': tensor(63.8400), 'acc_task_1': tensor(64.5700), 'acc_task_2': tensor(100.), 'acc_task_3': tensor(20.8400), 'acc_task_4': tensor(2.3900)}
Train epoch: 4 [1280 / 10000]       loss: 0.9806186556816101
{'acc_task_0': tensor(65.8700), 'acc_task_1': tensor(66.1300), 'acc_task_2': tensor(63.8800), 'acc_task_3': tensor(24.3400), 'acc_task_4': tensor(2.7800)}
Train epoch: 4 [2560 / 10000]       loss: 0.9060916304588318
{'acc_task_0': tensor(65.3200), 'acc_task_1': tensor(65.8400), 'acc_task_2': tensor(100.), 'acc_task_3': tensor(19.8800), 'acc_task_4': tensor(2.0100)}
Train epoch: 4 [3840 / 10000]       loss: 1.1006656885147095
{'acc_task_0': tensor(58.7200), 'acc_task_1': tensor(57.7700), 'acc_task_2': tensor(99.3100), 'acc_task_3': tensor(26.0800), 'acc_task_4': tensor(3.4200)}
Train epoch: 4 [5120 / 10000]       loss: 0.9115817546844482
{'acc_task_0': tensor(55.8800), 'acc_task_1': tensor(55.0500), 'acc_task_2': tensor(100.), 'acc_task_3': tensor(28.0200), 'acc_task_4': tensor(5.5200)}
Train epoch: 4 [6400 / 10000]       loss: 0.9401013851165771
{'acc_task_0': tensor(54.3000), 'acc_task_1': tensor(53.3400), 'acc_task_2': tensor(99.9500), 'acc_task_3': tensor(30.1500), 'acc_task_4': tensor(3.0400)}
Train epoch: 4 [7680 / 10000]       loss: 1.2499380111694336
{'acc_task_0': tensor(52.9200), 'acc_task_1': tensor(51.3000), 'acc_task_2': tensor(74.6000), 'acc_task_3': tensor(24.6700), 'acc_task_4': tensor(4.5600)}
Train epoch: 4 [8960 / 10000]       loss: 0.7504035830497742
{'acc_task_0': tensor(55.3100), 'acc_task_1': tensor(54.1200), 'acc_task_2': tensor(100.), 'acc_task_3': tensor(31.5700), 'acc_task_4': tensor(8.1800)}
Train epoch: 0 [0 / 10000]       loss: 4.313312530517578
{'acc_task_0': tensor(54.9500), 'acc_task_1': tensor(52.9100), 'acc_task_2': tensor(99.9800), 'acc_task_3': tensor(68.9000), 'acc_task_4': tensor(7.6800)}
Train epoch: 0 [1280 / 10000]       loss: 1.2973706722259521
{'acc_task_0': tensor(57.6800), 'acc_task_1': tensor(53.3800), 'acc_task_2': tensor(99.9100), 'acc_task_3': tensor(81.7100), 'acc_task_4': tensor(14.0200)}
Train epoch: 0 [2560 / 10000]       loss: 1.658820390701294
{'acc_task_0': tensor(54.3100), 'acc_task_1': tensor(51.2200), 'acc_task_2': tensor(100.), 'acc_task_3': tensor(80.5700), 'acc_task_4': tensor(11.6500)}
Train epoch: 0 [3840 / 10000]       loss: 1.085639476776123
{'acc_task_0': tensor(54.3900), 'acc_task_1': tensor(52.7000), 'acc_task_2': tensor(99.9800), 'acc_task_3': tensor(90.9000), 'acc_task_4': tensor(13.1400)}
Train epoch: 0 [5120 / 10000]       loss: 1.1805236339569092
{'acc_task_0': tensor(51.9700), 'acc_task_1': tensor(50.7200), 'acc_task_2': tensor(99.9900), 'acc_task_3': tensor(64.3400), 'acc_task_4': tensor(13.5100)}
Train epoch: 0 [6400 / 10000]       loss: 1.1453601121902466
{'acc_task_0': tensor(51.8700), 'acc_task_1': tensor(50.5000), 'acc_task_2': tensor(99.9500), 'acc_task_3': tensor(72.7100), 'acc_task_4': tensor(13.0900)}
Train epoch: 0 [7680 / 10000]       loss: 0.9425313472747803
{'acc_task_0': tensor(56.7600), 'acc_task_1': tensor(53.5100), 'acc_task_2': tensor(99.9500), 'acc_task_3': tensor(92.6300), 'acc_task_4': tensor(12.0700)}
Train epoch: 0 [8960 / 10000]       loss: 0.9937270879745483
{'acc_task_0': tensor(57.6800), 'acc_task_1': tensor(53.4300), 'acc_task_2': tensor(99.9800), 'acc_task_3': tensor(92.1000), 'acc_task_4': tensor(12.9800)}
Train epoch: 1 [0 / 10000]       loss: 2.4381885528564453
{'acc_task_0': tensor(52.8800), 'acc_task_1': tensor(51.1800), 'acc_task_2': tensor(99.7800), 'acc_task_3': tensor(83.7300), 'acc_task_4': tensor(17.3800)}
Train epoch: 1 [1280 / 10000]       loss: 1.1643269062042236
{'acc_task_0': tensor(54.4500), 'acc_task_1': tensor(51.9300), 'acc_task_2': tensor(100.), 'acc_task_3': tensor(87.7100), 'acc_task_4': tensor(13.1500)}
Train epoch: 1 [2560 / 10000]       loss: 0.9468227028846741
{'acc_task_0': tensor(52.2200), 'acc_task_1': tensor(50.3700), 'acc_task_2': tensor(100.), 'acc_task_3': tensor(91.5200), 'acc_task_4': tensor(10.9400)}
Train epoch: 1 [3840 / 10000]       loss: 0.9045611619949341
{'acc_task_0': tensor(53.3800), 'acc_task_1': tensor(51.1600), 'acc_task_2': tensor(100.), 'acc_task_3': tensor(83.4200), 'acc_task_4': tensor(11.5700)}
Train epoch: 1 [5120 / 10000]       loss: 0.8867062330245972
{'acc_task_0': tensor(54.0600), 'acc_task_1': tensor(51.6100), 'acc_task_2': tensor(100.), 'acc_task_3': tensor(82.0400), 'acc_task_4': tensor(13.1600)}
Train epoch: 1 [6400 / 10000]       loss: 0.8573331832885742
{'acc_task_0': tensor(52.8500), 'acc_task_1': tensor(50.6000), 'acc_task_2': tensor(99.9800), 'acc_task_3': tensor(91.4600), 'acc_task_4': tensor(19.4400)}
Train epoch: 1 [7680 / 10000]       loss: 0.8722125291824341
{'acc_task_0': tensor(55.1800), 'acc_task_1': tensor(53.0300), 'acc_task_2': tensor(100.), 'acc_task_3': tensor(93.7400), 'acc_task_4': tensor(9.7300)}
Train epoch: 1 [8960 / 10000]       loss: 0.7774158716201782
{'acc_task_0': tensor(53.9600), 'acc_task_1': tensor(51.6100), 'acc_task_2': tensor(100.), 'acc_task_3': tensor(94.1400), 'acc_task_4': tensor(11.8900)}
Train epoch: 2 [0 / 10000]       loss: 1.6164748668670654
{'acc_task_0': tensor(51.4400), 'acc_task_1': tensor(50.7200), 'acc_task_2': tensor(99.9700), 'acc_task_3': tensor(88.7800), 'acc_task_4': tensor(7.6600)}
Train epoch: 2 [1280 / 10000]       loss: 0.9176573157310486
{'acc_task_0': tensor(53.5900), 'acc_task_1': tensor(50.9400), 'acc_task_2': tensor(100.), 'acc_task_3': tensor(93.4300), 'acc_task_4': tensor(14.6900)}
Train epoch: 2 [2560 / 10000]       loss: 0.8402500152587891
{'acc_task_0': tensor(51.9300), 'acc_task_1': tensor(50.4600), 'acc_task_2': tensor(100.), 'acc_task_3': tensor(88.6500), 'acc_task_4': tensor(12.6500)}
Train epoch: 2 [3840 / 10000]       loss: 0.8619562983512878
{'acc_task_0': tensor(53.1900), 'acc_task_1': tensor(50.8000), 'acc_task_2': tensor(100.), 'acc_task_3': tensor(89.4900), 'acc_task_4': tensor(13.3800)}
Train epoch: 2 [5120 / 10000]       loss: 1.6165907382965088
{'acc_task_0': tensor(55.1800), 'acc_task_1': tensor(52.3000), 'acc_task_2': tensor(100.), 'acc_task_3': tensor(86.8600), 'acc_task_4': tensor(11.7200)}
Train epoch: 2 [6400 / 10000]       loss: 0.8556329011917114
{'acc_task_0': tensor(52.0500), 'acc_task_1': tensor(50.5000), 'acc_task_2': tensor(100.), 'acc_task_3': tensor(94.5700), 'acc_task_4': tensor(14.1100)}
Train epoch: 2 [7680 / 10000]       loss: 0.8898305892944336
{'acc_task_0': tensor(54.7700), 'acc_task_1': tensor(51.7500), 'acc_task_2': tensor(100.), 'acc_task_3': tensor(94.7100), 'acc_task_4': tensor(10.8200)}
Train epoch: 2 [8960 / 10000]       loss: 1.1518758535385132
{'acc_task_0': tensor(53.3600), 'acc_task_1': tensor(51.4400), 'acc_task_2': tensor(99.9800), 'acc_task_3': tensor(80.8600), 'acc_task_4': tensor(9.6700)}
Train epoch: 3 [0 / 10000]       loss: 0.8567674160003662
{'acc_task_0': tensor(53.6600), 'acc_task_1': tensor(52.3600), 'acc_task_2': tensor(99.9700), 'acc_task_3': tensor(91.7500), 'acc_task_4': tensor(11.5700)}
Train epoch: 3 [1280 / 10000]       loss: 0.7909912467002869
{'acc_task_0': tensor(53.8100), 'acc_task_1': tensor(51.5100), 'acc_task_2': tensor(99.9800), 'acc_task_3': tensor(77.2400), 'acc_task_4': tensor(13.2400)}
Train epoch: 3 [2560 / 10000]       loss: 0.968388557434082
{'acc_task_0': tensor(52.2000), 'acc_task_1': tensor(50.5900), 'acc_task_2': tensor(100.), 'acc_task_3': tensor(74.7500), 'acc_task_4': tensor(10.9700)}
Train epoch: 3 [3840 / 10000]       loss: 1.1346529722213745
{'acc_task_0': tensor(52.1700), 'acc_task_1': tensor(50.7700), 'acc_task_2': tensor(99.9900), 'acc_task_3': tensor(72.4100), 'acc_task_4': tensor(10.9000)}
Train epoch: 3 [5120 / 10000]       loss: 0.8278754949569702
{'acc_task_0': tensor(54.4300), 'acc_task_1': tensor(51.8100), 'acc_task_2': tensor(100.), 'acc_task_3': tensor(95.2000), 'acc_task_4': tensor(12.1500)}
Train epoch: 3 [6400 / 10000]       loss: 0.9935079216957092
{'acc_task_0': tensor(53.0200), 'acc_task_1': tensor(51.2700), 'acc_task_2': tensor(100.), 'acc_task_3': tensor(64.4000), 'acc_task_4': tensor(11.6700)}
Train epoch: 3 [7680 / 10000]       loss: 1.1145141124725342
{'acc_task_0': tensor(52.9600), 'acc_task_1': tensor(51.2500), 'acc_task_2': tensor(99.9800), 'acc_task_3': tensor(91.3400), 'acc_task_4': tensor(9.9200)}
Train epoch: 3 [8960 / 10000]       loss: 0.8094821572303772
{'acc_task_0': tensor(52.1900), 'acc_task_1': tensor(51.1100), 'acc_task_2': tensor(99.9900), 'acc_task_3': tensor(94.5800), 'acc_task_4': tensor(11.1900)}
Train epoch: 4 [0 / 10000]       loss: 1.1982299089431763
{'acc_task_0': tensor(52.3100), 'acc_task_1': tensor(50.8200), 'acc_task_2': tensor(100.), 'acc_task_3': tensor(66.7700), 'acc_task_4': tensor(6.8300)}
Train epoch: 4 [1280 / 10000]       loss: 0.7619567513465881
{'acc_task_0': tensor(53.3300), 'acc_task_1': tensor(51.3900), 'acc_task_2': tensor(99.9600), 'acc_task_3': tensor(95.4200), 'acc_task_4': tensor(8.2500)}
Train epoch: 4 [2560 / 10000]       loss: 0.8072704672813416
{'acc_task_0': tensor(52.9100), 'acc_task_1': tensor(51.5500), 'acc_task_2': tensor(99.9800), 'acc_task_3': tensor(93.6700), 'acc_task_4': tensor(8.5000)}
Train epoch: 4 [3840 / 10000]       loss: 0.9953750967979431
{'acc_task_0': tensor(52.9000), 'acc_task_1': tensor(50.7300), 'acc_task_2': tensor(99.9700), 'acc_task_3': tensor(81.), 'acc_task_4': tensor(9.0600)}
Train epoch: 4 [5120 / 10000]       loss: 0.9177486300468445
{'acc_task_0': tensor(52.5900), 'acc_task_1': tensor(50.6100), 'acc_task_2': tensor(100.), 'acc_task_3': tensor(80.4000), 'acc_task_4': tensor(8.3700)}
Train epoch: 4 [6400 / 10000]       loss: 0.9134987592697144
{'acc_task_0': tensor(52.9000), 'acc_task_1': tensor(50.6600), 'acc_task_2': tensor(99.9900), 'acc_task_3': tensor(90.6200), 'acc_task_4': tensor(9.2500)}
Train epoch: 4 [7680 / 10000]       loss: 0.7890465259552002
{'acc_task_0': tensor(52.4700), 'acc_task_1': tensor(50.6800), 'acc_task_2': tensor(99.9900), 'acc_task_3': tensor(92.7800), 'acc_task_4': tensor(8.6400)}
Train epoch: 4 [8960 / 10000]       loss: 0.7717210054397583
{'acc_task_0': tensor(52.6100), 'acc_task_1': tensor(50.5200), 'acc_task_2': tensor(99.9600), 'acc_task_3': tensor(89.2300), 'acc_task_4': tensor(11.4300)}
Train epoch: 0 [0 / 10000]       loss: 4.716744422912598
{'acc_task_0': tensor(53.3100), 'acc_task_1': tensor(51.0700), 'acc_task_2': tensor(100.), 'acc_task_3': tensor(89.5000), 'acc_task_4': tensor(52.5000)}
Train epoch: 0 [1280 / 10000]       loss: 3.5469119548797607
{'acc_task_0': tensor(53.9000), 'acc_task_1': tensor(53.6100), 'acc_task_2': tensor(99.9900), 'acc_task_3': tensor(78.1300), 'acc_task_4': tensor(52.3600)}
Train epoch: 0 [2560 / 10000]       loss: 2.0959885120391846
{'acc_task_0': tensor(53.5900), 'acc_task_1': tensor(52.5300), 'acc_task_2': tensor(99.9900), 'acc_task_3': tensor(83.6000), 'acc_task_4': tensor(53.1200)}
Train epoch: 0 [3840 / 10000]       loss: 2.473841428756714
{'acc_task_0': tensor(56.1400), 'acc_task_1': tensor(54.0600), 'acc_task_2': tensor(99.9900), 'acc_task_3': tensor(72.8700), 'acc_task_4': tensor(50.4000)}
Train epoch: 0 [5120 / 10000]       loss: 1.32887864112854
{'acc_task_0': tensor(51.2100), 'acc_task_1': tensor(50.6500), 'acc_task_2': tensor(100.), 'acc_task_3': tensor(78.2100), 'acc_task_4': tensor(64.3700)}
Train epoch: 0 [6400 / 10000]       loss: 2.5508198738098145
{'acc_task_0': tensor(51.2700), 'acc_task_1': tensor(50.8100), 'acc_task_2': tensor(100.), 'acc_task_3': tensor(77.1500), 'acc_task_4': tensor(52.5200)}
Train epoch: 0 [7680 / 10000]       loss: 1.9098824262619019
{'acc_task_0': tensor(51.9800), 'acc_task_1': tensor(51.5600), 'acc_task_2': tensor(100.), 'acc_task_3': tensor(78.6100), 'acc_task_4': tensor(55.1900)}
Train epoch: 0 [8960 / 10000]       loss: 2.525320291519165
{'acc_task_0': tensor(52.1600), 'acc_task_1': tensor(52.6800), 'acc_task_2': tensor(100.), 'acc_task_3': tensor(77.0100), 'acc_task_4': tensor(50.9400)}
Train epoch: 1 [0 / 10000]       loss: 1.4351720809936523
{'acc_task_0': tensor(52.7100), 'acc_task_1': tensor(51.3400), 'acc_task_2': tensor(100.), 'acc_task_3': tensor(80.1800), 'acc_task_4': tensor(67.0100)}
Train epoch: 1 [1280 / 10000]       loss: 1.4605441093444824
{'acc_task_0': tensor(50.7300), 'acc_task_1': tensor(50.1600), 'acc_task_2': tensor(99.9900), 'acc_task_3': tensor(83.5400), 'acc_task_4': tensor(64.6200)}
Train epoch: 1 [2560 / 10000]       loss: 1.026418924331665
{'acc_task_0': tensor(50.6700), 'acc_task_1': tensor(50.0800), 'acc_task_2': tensor(100.), 'acc_task_3': tensor(85.9600), 'acc_task_4': tensor(84.0800)}
Train epoch: 1 [3840 / 10000]       loss: 1.1067578792572021
{'acc_task_0': tensor(51.1100), 'acc_task_1': tensor(50.7900), 'acc_task_2': tensor(100.), 'acc_task_3': tensor(84.3800), 'acc_task_4': tensor(57.3700)}
Train epoch: 1 [5120 / 10000]       loss: 1.179642677307129
{'acc_task_0': tensor(51.), 'acc_task_1': tensor(50.6800), 'acc_task_2': tensor(100.), 'acc_task_3': tensor(83.4000), 'acc_task_4': tensor(79.6400)}
Train epoch: 1 [6400 / 10000]       loss: 1.2768580913543701
{'acc_task_0': tensor(52.1000), 'acc_task_1': tensor(51.9900), 'acc_task_2': tensor(100.), 'acc_task_3': tensor(85.1700), 'acc_task_4': tensor(78.9300)}
Train epoch: 1 [7680 / 10000]       loss: 1.0145155191421509
{'acc_task_0': tensor(51.5100), 'acc_task_1': tensor(50.3200), 'acc_task_2': tensor(100.), 'acc_task_3': tensor(86.5500), 'acc_task_4': tensor(81.8800)}
Train epoch: 1 [8960 / 10000]       loss: 1.1120458841323853
{'acc_task_0': tensor(52.4100), 'acc_task_1': tensor(50.6800), 'acc_task_2': tensor(100.), 'acc_task_3': tensor(86.9900), 'acc_task_4': tensor(73.8900)}
Train epoch: 2 [0 / 10000]       loss: 1.5070421695709229
{'acc_task_0': tensor(50.5700), 'acc_task_1': tensor(50.0500), 'acc_task_2': tensor(99.9800), 'acc_task_3': tensor(87.2500), 'acc_task_4': tensor(67.7300)}
Train epoch: 2 [1280 / 10000]       loss: 1.825038194656372
{'acc_task_0': tensor(51.9500), 'acc_task_1': tensor(50.8500), 'acc_task_2': tensor(100.), 'acc_task_3': tensor(81.7800), 'acc_task_4': tensor(55.7300)}
Train epoch: 2 [2560 / 10000]       loss: 1.3252241611480713
{'acc_task_0': tensor(53.1000), 'acc_task_1': tensor(50.7800), 'acc_task_2': tensor(99.9700), 'acc_task_3': tensor(87.4200), 'acc_task_4': tensor(57.5100)}
Train epoch: 2 [3840 / 10000]       loss: 0.9803494215011597
{'acc_task_0': tensor(50.6500), 'acc_task_1': tensor(50.0300), 'acc_task_2': tensor(99.9700), 'acc_task_3': tensor(86.3500), 'acc_task_4': tensor(86.5600)}
Train epoch: 2 [5120 / 10000]       loss: 1.2167158126831055
{'acc_task_0': tensor(50.8100), 'acc_task_1': tensor(50.1800), 'acc_task_2': tensor(100.), 'acc_task_3': tensor(82.9000), 'acc_task_4': tensor(80.0200)}
Train epoch: 2 [6400 / 10000]       loss: 0.9754077196121216
{'acc_task_0': tensor(52.0600), 'acc_task_1': tensor(51.1100), 'acc_task_2': tensor(99.9900), 'acc_task_3': tensor(82.1200), 'acc_task_4': tensor(76.9500)}
Train epoch: 2 [7680 / 10000]       loss: 0.9311714768409729
{'acc_task_0': tensor(51.0900), 'acc_task_1': tensor(50.3600), 'acc_task_2': tensor(100.), 'acc_task_3': tensor(80.4300), 'acc_task_4': tensor(89.1500)}
Train epoch: 2 [8960 / 10000]       loss: 1.4189281463623047
{'acc_task_0': tensor(50.8800), 'acc_task_1': tensor(50.2300), 'acc_task_2': tensor(99.9500), 'acc_task_3': tensor(80.7800), 'acc_task_4': tensor(56.3500)}
Train epoch: 3 [0 / 10000]       loss: 1.642223834991455
{'acc_task_0': tensor(50.6600), 'acc_task_1': tensor(50.1000), 'acc_task_2': tensor(99.3600), 'acc_task_3': tensor(83.0700), 'acc_task_4': tensor(53.2600)}
Train epoch: 3 [1280 / 10000]       loss: 0.9188903570175171
{'acc_task_0': tensor(52.6300), 'acc_task_1': tensor(51.9400), 'acc_task_2': tensor(100.), 'acc_task_3': tensor(82.9400), 'acc_task_4': tensor(85.6300)}
Train epoch: 3 [2560 / 10000]       loss: 0.8062605857849121
{'acc_task_0': tensor(53.8100), 'acc_task_1': tensor(52.8100), 'acc_task_2': tensor(100.), 'acc_task_3': tensor(81.6200), 'acc_task_4': tensor(82.3800)}
Train epoch: 3 [3840 / 10000]       loss: 0.9932242631912231
{'acc_task_0': tensor(50.6400), 'acc_task_1': tensor(50.0600), 'acc_task_2': tensor(100.), 'acc_task_3': tensor(84.2600), 'acc_task_4': tensor(89.8000)}
Train epoch: 3 [5120 / 10000]       loss: 1.0018043518066406
{'acc_task_0': tensor(50.6900), 'acc_task_1': tensor(50.6000), 'acc_task_2': tensor(100.), 'acc_task_3': tensor(83.0100), 'acc_task_4': tensor(75.3500)}
Train epoch: 3 [6400 / 10000]       loss: 0.8094040155410767
{'acc_task_0': tensor(50.6300), 'acc_task_1': tensor(50.1000), 'acc_task_2': tensor(100.), 'acc_task_3': tensor(85.1600), 'acc_task_4': tensor(86.3900)}
Train epoch: 3 [7680 / 10000]       loss: 1.0185481309890747
{'acc_task_0': tensor(51.9400), 'acc_task_1': tensor(51.0900), 'acc_task_2': tensor(100.), 'acc_task_3': tensor(84.1500), 'acc_task_4': tensor(89.1900)}
Train epoch: 3 [8960 / 10000]       loss: 1.121140718460083
{'acc_task_0': tensor(51.3900), 'acc_task_1': tensor(50.7000), 'acc_task_2': tensor(100.), 'acc_task_3': tensor(84.1200), 'acc_task_4': tensor(80.5600)}
Train epoch: 4 [0 / 10000]       loss: 1.0035146474838257
{'acc_task_0': tensor(51.0200), 'acc_task_1': tensor(50.2400), 'acc_task_2': tensor(100.), 'acc_task_3': tensor(84.2400), 'acc_task_4': tensor(91.1500)}
Train epoch: 4 [1280 / 10000]       loss: 0.9426198601722717
{'acc_task_0': tensor(52.5000), 'acc_task_1': tensor(52.2400), 'acc_task_2': tensor(99.9900), 'acc_task_3': tensor(85.3800), 'acc_task_4': tensor(85.0700)}
Train epoch: 4 [2560 / 10000]       loss: 1.1045914888381958
{'acc_task_0': tensor(51.3600), 'acc_task_1': tensor(50.6300), 'acc_task_2': tensor(100.), 'acc_task_3': tensor(83.0700), 'acc_task_4': tensor(85.8800)}
Train epoch: 4 [3840 / 10000]       loss: 1.309707522392273
{'acc_task_0': tensor(52.0300), 'acc_task_1': tensor(51.2200), 'acc_task_2': tensor(100.), 'acc_task_3': tensor(84.5900), 'acc_task_4': tensor(92.1800)}
Train epoch: 4 [5120 / 10000]       loss: 1.16499924659729
{'acc_task_0': tensor(52.8400), 'acc_task_1': tensor(51.9500), 'acc_task_2': tensor(100.), 'acc_task_3': tensor(81.6600), 'acc_task_4': tensor(66.4300)}
Train epoch: 4 [6400 / 10000]       loss: 0.9945788383483887
{'acc_task_0': tensor(52.8100), 'acc_task_1': tensor(51.9000), 'acc_task_2': tensor(100.), 'acc_task_3': tensor(84.3200), 'acc_task_4': tensor(86.3800)}
Train epoch: 4 [7680 / 10000]       loss: 0.8421974778175354
{'acc_task_0': tensor(50.9600), 'acc_task_1': tensor(50.6500), 'acc_task_2': tensor(100.), 'acc_task_3': tensor(82.3700), 'acc_task_4': tensor(91.8700)}
Train epoch: 4 [8960 / 10000]       loss: 0.8460990786552429
{'acc_task_0': tensor(51.3200), 'acc_task_1': tensor(50.4400), 'acc_task_2': tensor(100.), 'acc_task_3': tensor(81.6100), 'acc_task_4': tensor(69.2500)}
wandb: Waiting for W&B process to finish... (success).
wandb: - 0.008 MB of 0.008 MB uploaded (0.000 MB deduped)wandb: \ 0.008 MB of 0.008 MB uploaded (0.000 MB deduped)wandb: | 0.008 MB of 0.008 MB uploaded (0.000 MB deduped)wandb: / 0.008 MB of 0.008 MB uploaded (0.000 MB deduped)wandb: - 0.008 MB of 0.008 MB uploaded (0.000 MB deduped)wandb: \ 0.008 MB of 0.008 MB uploaded (0.000 MB deduped)wandb: | 0.008 MB of 0.008 MB uploaded (0.000 MB deduped)wandb: 
wandb: Run history:
wandb: acc_task_0 ▃▅▆▃▄█▆█▅▄▃▄▃▆▅▃▃▄▄▄▄▄▂▂▂▂▁▁▁▁▁▁▂▁▁▁▁▁▁▁
wandb: acc_task_1 ▂▁▁▁▁▁▁▁▅▆▇█▇███▅▆▆▅▆▆▅▅▅▅▅▅▅▅▅▅▅▅▅▅▅▅▅▅
wandb: acc_task_2 ▁▁▁▁▁▁▁▁▁▁▁▁▁▁▁▁█▁███▄██████████████████
wandb: acc_task_3 ▁▂▂▃▃▃▃▂▄▃▃▄▄▃▄▄▃▃▃▃▃▂▃▃▇███▇▆██▆▇▇▇▇▇▇▇
wandb: acc_task_4 ▁▁▂▁▁▁▁▁▁▂▂▂▂▂▂▂▃▁▁▁▁▃▁▁▂▂▃▂▂▂▂▂▅▅▇▅▅██▆
wandb:       loss ▄▆█▄▄▂▃▂▄▂▃▂▁▂▂▁▂▁▁▃▂▁▁▂▂▅▂▂▁▁▁▁▃▃▂▃▂▂▁▂
wandb: 
wandb: Run summary:
wandb: acc_task_0 51.32
wandb: acc_task_1 50.44
wandb: acc_task_2 100.0
wandb: acc_task_3 81.61
wandb: acc_task_4 69.25
wandb:       loss 1.2434
wandb: 
wandb: 🚀 View run deft-sound-16 at: https://wandb.ai/qba/rehersal%20Alexnet%20MNIST%20Task%20IL/runs/voihezb2
wandb: Synced 6 W&B file(s), 0 media file(s), 0 artifact file(s) and 0 other file(s)
wandb: Find logs at: ./wandb/run-20230816_075542-voihezb2/logs
